<?xml version="1.0" encoding="utf-8"?><testsuites name="pytest tests"><testsuite name="pytest" errors="0" failures="0" skipped="0" tests="24" time="6.935" timestamp="2026-02-22T13:58:08.341534+00:00" hostname="agent-env-b7c4b9ea-3d05-4749-b417-ac74862664e1"><testcase classname="tests.test_admin_api.TestAdminAuthentication" name="test_admin_login_without_credentials" time="0.149" /><testcase classname="tests.test_admin_api.TestAdminAuthentication" name="test_admin_login_invalid_credentials" time="0.131" /><testcase classname="tests.test_admin_api.TestAdminAuthentication" name="test_admin_login_valid_credentials" time="0.357" /><testcase classname="tests.test_admin_api.TestAdminAuthentication" name="test_admin_me_without_auth" time="0.113" /><testcase classname="tests.test_admin_api.TestAdminAuthentication" name="test_admin_me_with_auth" time="0.440" /><testcase classname="tests.test_admin_api.TestDashboardMetrics" name="test_dashboard_metrics_without_auth" time="0.118" /><testcase classname="tests.test_admin_api.TestDashboardMetrics" name="test_dashboard_metrics_with_auth" time="0.377" /><testcase classname="tests.test_admin_api.TestUserManagement" name="test_get_all_users_without_auth" time="0.105" /><testcase classname="tests.test_admin_api.TestUserManagement" name="test_get_all_users_with_auth" time="0.387" /><testcase classname="tests.test_admin_api.TestUserManagement" name="test_get_all_users_with_search" time="0.414" /><testcase classname="tests.test_admin_api.TestUserManagement" name="test_get_user_detail_not_found" time="0.410" /><testcase classname="tests.test_admin_api.TestProfileManagement" name="test_get_all_profiles_without_auth" time="0.108" /><testcase classname="tests.test_admin_api.TestProfileManagement" name="test_get_all_profiles_with_auth" time="0.414" /><testcase classname="tests.test_admin_api.TestProfileManagement" name="test_get_flagged_profiles" time="0.424" /><testcase classname="tests.test_admin_api.TestSubscriptionManagement" name="test_get_all_subscriptions_without_auth" time="0.103" /><testcase classname="tests.test_admin_api.TestSubscriptionManagement" name="test_get_all_subscriptions_with_auth" time="0.405" /><testcase classname="tests.test_admin_api.TestDeepExplorationManagement" name="test_get_all_deep_pairs_without_auth" time="0.115" /><testcase classname="tests.test_admin_api.TestDeepExplorationManagement" name="test_get_all_deep_pairs_with_auth" time="0.405" /><testcase classname="tests.test_admin_api.TestReportsManagement" name="test_get_all_reports_without_auth" time="0.116" /><testcase classname="tests.test_admin_api.TestReportsManagement" name="test_get_all_reports_with_auth" time="0.410" /><testcase classname="tests.test_admin_api.TestReportsManagement" name="test_get_pending_reports" time="0.399" /><testcase classname="tests.test_admin_api.TestAnalytics" name="test_get_analytics_without_auth" time="0.119" /><testcase classname="tests.test_admin_api.TestAnalytics" name="test_get_analytics_with_auth" time="0.398" /><testcase classname="tests.test_admin_api.TestAdminLogout" name="test_admin_logout" time="0.433" /></testsuite></testsuites>