<?xml version="1.0" encoding="utf-8"?><testsuites name="pytest tests"><testsuite name="pytest" errors="0" failures="0" skipped="0" tests="16" time="4.837" timestamp="2026-02-22T14:17:52.823413+00:00" hostname="agent-env-b7c4b9ea-3d05-4749-b417-ac74862664e1"><testcase classname="backend.tests.test_phase4_features.TestDemoDeepReport" name="test_demo_report_returns_200" time="0.169" /><testcase classname="backend.tests.test_phase4_features.TestDemoDeepReport" name="test_demo_report_has_required_fields" time="0.164" /><testcase classname="backend.tests.test_phase4_features.TestDemoDeepReport" name="test_demo_report_is_demo_flag" time="0.111" /><testcase classname="backend.tests.test_phase4_features.TestDemoDeepReport" name="test_demo_report_dimension_scores" time="0.123" /><testcase classname="backend.tests.test_phase4_features.TestDemoDeepReport" name="test_demo_report_deep_score_range" time="0.110" /><testcase classname="backend.tests.test_phase4_features.TestNotificationAPIUnauthenticated" name="test_notifications_requires_auth" time="0.126" /><testcase classname="backend.tests.test_phase4_features.TestNotificationAPIUnauthenticated" name="test_notification_count_requires_auth" time="0.114" /><testcase classname="backend.tests.test_phase4_features.TestNotificationAPIUnauthenticated" name="test_mark_notification_read_requires_auth" time="0.110" /><testcase classname="backend.tests.test_phase4_features.TestNotificationAPIUnauthenticated" name="test_mark_all_notifications_read_requires_auth" time="0.105" /><testcase classname="backend.tests.test_phase4_features.TestAdminPasswordChange" name="test_admin_login_successful" time="0.423" /><testcase classname="backend.tests.test_phase4_features.TestAdminPasswordChange" name="test_password_change_wrong_old_password" time="0.728" /><testcase classname="backend.tests.test_phase4_features.TestAdminPasswordChange" name="test_password_change_requires_auth" time="0.522" /><testcase classname="backend.tests.test_phase4_features.TestAdminPasswordChange" name="test_admin_me_endpoint" time="0.450" /><testcase classname="backend.tests.test_phase4_features.TestNotificationAPIAuthenticated" name="test_get_notifications_authenticated" time="0.462" /><testcase classname="backend.tests.test_phase4_features.TestNotificationAPIAuthenticated" name="test_get_notification_count_authenticated" time="0.542" /><testcase classname="backend.tests.test_phase4_features.TestNotificationAPIAuthenticated" name="test_mark_all_as_read_authenticated" time="0.490" /></testsuite></testsuites>